<?xml version="1.0" encoding="UTF-8"?>
<!-- Generated by org.testng.reporters.JUnitReportReporter -->
<testsuite hostname="LAPTOP-OHO69TLH" failures="0" tests="1" name="GuruWebPage.LogInPage" time="10.151" errors="0" timestamp="07 May 2021 10:12:25 GMT" skipped="0">
  <testcase classname="GuruWebPage.LogInPage" name="logIn" time="10.151"/>
</testsuite> <!-- GuruWebPage.LogInPage -->
