<?xml version="1.0" encoding="UTF-8"?>
<!-- Generated by org.testng.reporters.JUnitReportReporter -->
<testsuite hostname="LAPTOP-OHO69TLH" failures="0" tests="1" name="GuruWebPage.AddNewAccountForm" time="7.850" errors="0" timestamp="27 May 2021 08:04:09 GMT" skipped="0">
  <testcase classname="GuruWebPage.AddNewAccountForm" name="newAccountForm" time="7.850"/>
</testsuite> <!-- GuruWebPage.AddNewAccountForm -->
