<?xml version="1.0" encoding="UTF-8"?>
<!-- Generated by org.testng.reporters.JUnitReportReporter -->
<testsuite hostname="LAPTOP-OHO69TLH" failures="0" tests="1" name="GuruWebPage.ValidatePageTitle" time="11.499" errors="0" timestamp="26 May 2021 12:58:39 GMT" skipped="0">
  <testcase classname="GuruWebPage.ValidatePageTitle" name="validateTitle" time="11.499"/>
</testsuite> <!-- GuruWebPage.ValidatePageTitle -->
