<?xml version="1.0" encoding="UTF-8"?>
<!-- Generated by org.testng.reporters.JUnitReportReporter -->
<testsuite hostname="LAPTOP-OHO69TLH" failures="0" tests="3" name="GuruWebPage.ValidatingMenuBar" time="20.069" errors="0" timestamp="19 May 2021 10:11:23 GMT" skipped="0">
  <testcase classname="GuruWebPage.ValidatingMenuBar" name="navBarValidation" time="3.565"/>
  <testcase classname="GuruWebPage.ValidatingMenuBar" name="validateMenuLink" time="16.263"/>
  <testcase classname="GuruWebPage.ValidatingMenuBar" name="validateMenuName" time="0.241"/>
</testsuite> <!-- GuruWebPage.ValidatingMenuBar -->
