<?xml version="1.0" encoding="UTF-8"?>
<!-- Generated by org.testng.reporters.JUnitReportReporter -->
<testsuite hostname="LAPTOP-OHO69TLH" failures="0" tests="2" name="GuruWebPage.LogInTest" time="3.308" errors="0" timestamp="20 May 2021 15:51:47 GMT" skipped="0">
  <testcase classname="GuruWebPage.LogInTest" name="validateLoginPageText" time="0.199"/>
  <testcase classname="GuruWebPage.LogInTest" name="logIn" time="3.109"/>
</testsuite> <!-- GuruWebPage.LogInTest -->
