<?xml version="1.0" encoding="UTF-8"?>
<!-- Generated by org.testng.reporters.JUnitReportReporter -->
<testsuite hostname="LAPTOP-OHO69TLH" failures="0" tests="1" name="GuruWebPage.LogOutTest" time="6.449" errors="0" timestamp="05 Jun 2021 18:07:27 GMT" skipped="0">
  <testcase classname="GuruWebPage.LogOutTest" name="LogOut" time="6.449"/>
</testsuite> <!-- GuruWebPage.LogOutTest -->
