<?xml version="1.0" encoding="UTF-8"?>
<!-- Generated by org.testng.reporters.JUnitReportReporter -->
<testsuite hostname="LAPTOP-OHO69TLH" failures="0" tests="1" name="GuruWebPage.LogIn" time="3.556" errors="0" timestamp="08 May 2021 15:03:07 GMT" skipped="0">
  <testcase classname="GuruWebPage.LogIn" name="logIn" time="3.556"/>
</testsuite> <!-- GuruWebPage.LogIn -->
