<?xml version="1.0" encoding="UTF-8"?>
<!-- Generated by org.testng.reporters.JUnitReportReporter -->
<testsuite hostname="LAPTOP-OHO69TLH" failures="0" tests="2" name="GuruWebPage.DepositTest" time="9.338" errors="0" timestamp="27 May 2021 10:09:31 GMT" skipped="0">
  <testcase classname="GuruWebPage.DepositTest" name="amountDeposit" time="4.070"/>
  <testcase classname="GuruWebPage.DepositTest" name="getAccountNum" time="5.268"/>
</testsuite> <!-- GuruWebPage.DepositTest -->
