<?xml version="1.0" encoding="UTF-8"?>
<!-- Generated by org.testng.reporters.JUnitReportReporter -->
<testsuite hostname="LAPTOP-OHO69TLH" failures="0" tests="1" name="GuruWebPage.PasswordChangeTest" time="10.087" errors="0" timestamp="11 May 2021 07:55:39 GMT" skipped="0">
  <testcase classname="GuruWebPage.PasswordChangeTest" name="ChangePassword" time="10.087"/>
</testsuite> <!-- GuruWebPage.PasswordChangeTest -->
