<?xml version="1.0" encoding="UTF-8"?>
<!-- Generated by org.testng.reporters.JUnitReportReporter -->
<testsuite hostname="LAPTOP-OHO69TLH" failures="0" tests="1" name="GuruWebPage.ResetFunctionality" time="1.004" errors="0" timestamp="21 May 2021 15:44:09 GMT" skipped="0">
  <testcase classname="GuruWebPage.ResetFunctionality" name="resetFunction" time="1.004"/>
</testsuite> <!-- GuruWebPage.ResetFunctionality -->
